<?xml version="1.0" encoding="UTF-8"?>
<!-- Generated by org.testng.reporters.JUnitReportReporter -->
<testsuite hostname="LAPTOP-ETMNRLTD" failures="0" tests="1" name="javaPackage.Test1" time="2.720" errors="0" timestamp="17 Jul 2025 11:28:13 GMT">
  <testcase classname="javaPackage.Test1" name="a" time="2.720"/>
</testsuite> <!-- javaPackage.Test1 -->
